
Showing logs for build [32mcb-kubecd-environment-pr-23-9-b-pmdbc-1[0m stage [32mfrom-build-pack[0m and container [32mstep-credential-initializer-6qmfn[0m
{"level":"warn","ts":1568884838.1046064,"logger":"fallback-logger","caller":"logging/config.go:69","msg":"Fetch GitHub commit ID from kodata failed: \"ref: refs/heads/master\" is not a valid GitHub commit ID"}
{"level":"info","ts":1568884838.1054556,"logger":"fallback-logger","caller":"creds-init/main.go:40","msg":"Credentials initialized."}

Showing logs for build [32mcb-kubecd-environment-pr-23-9-b-pmdbc-1[0m stage [32mfrom-build-pack[0m and container [32mstep-working-dir-initializer-2gwns[0m
{"level":"warn","ts":1568884839.0192623,"logger":"fallback-logger","caller":"logging/config.go:69","msg":"Fetch GitHub commit ID from kodata failed: open /var/run/ko/HEAD: no such file or directory"}
{"level":"info","ts":1568884839.0218635,"logger":"fallback-logger","caller":"bash/main.go:65","msg":"Successfully executed command \"mkdir -p /workspace/source /workspace/source/env\""}

Showing logs for build [32mcb-kubecd-environment-pr-23-9-b-pmdbc-1[0m stage [32mfrom-build-pack[0m and container [32mstep-place-tools[0m

Showing logs for build [32mcb-kubecd-environment-pr-23-9-b-pmdbc-1[0m stage [32mfrom-build-pack[0m and container [32mstep-git-source-cb-kubecd-environment-pr-23-9-b-9pwfs[0m
{"level":"warn","ts":1568884843.1622775,"logger":"fallback-logger","caller":"logging/config.go:69","msg":"Fetch GitHub commit ID from kodata failed: \"ref: refs/heads/master\" is not a valid GitHub commit ID"}
{"level":"info","ts":1568884844.2406085,"logger":"fallback-logger","caller":"git/git.go:102","msg":"Successfully cloned https://github.com/cb-kubecd/environment-pr-23-9-boot-local-production.git @ b0e6112983f6f1216749580de60278ee92498420 in path /workspace/source"}

Showing logs for build [32mcb-kubecd-environment-pr-23-9-b-pmdbc-1[0m stage [32mfrom-build-pack[0m and container [32mstep-git-merge[0m
Using SHAs from PULL_REFS=master:55ad35f1dcff862b296471fd2443e1bfb4b25e45,1:b0e6112983f6f1216749580de60278ee92498420
DEBUG: ran git fetch --unshallow origin b0e6112983f6f1216749580de60278ee92498420: 55ad35f1dcff862b296471fd2443e1bfb4b25e45: in 
DEBUG: ran git checkout master in 
DEBUG: ran git reset --hard 55ad35f1dcff862b296471fd2443e1bfb4b25e45 in 
DEBUG: ran clean --force -d . in 
DEBUG: ran git merge b0e6112983f6f1216749580de60278ee92498420 in 
Merged SHA b0e6112983f6f1216749580de60278ee92498420 with commit message 'chore: Promote bdd-spring-1568883941 to version 0.0.1' into base branch master

Showing logs for build [32mcb-kubecd-environment-pr-23-9-b-pmdbc-1[0m stage [32mfrom-build-pack[0m and container [32mstep-build-helm-build[0m
WARNING: No $CHART_REPOSITORY defined so using the default value of: http://jenkins-x-chartmuseum:8080
Adding missing Helm repo: storage.googleapis.com https://storage.googleapis.com/chartmuseum.jenkins-x.io
Read credentials for https://storage.googleapis.com/chartmuseum.jenkins-x.io from vault helm/repos
Successfully added Helm repository storage.googleapis.com.
Adding missing Helm repo: jenkins-x-chartmuseum http://jenkins-x-chartmuseum:8080
Read credentials for http://jenkins-x-chartmuseum:8080 from vault helm/repos
Successfully added Helm repository jenkins-x-chartmuseum.
WARNING: No $CHART_REPOSITORY defined so using the default value of: http://jenkins-x-chartmuseum:8080
Adding missing Helm repo: chartmuseum.jenkins-x.io http://chartmuseum.jenkins-x.io
Read credentials for http://chartmuseum.jenkins-x.io from vault helm/repos
Successfully added Helm repository chartmuseum.jenkins-x.io.
